<?xml version="1.0" encoding="UTF-8"?>
<testng-results skipped="0" failed="0" ignored="0" total="1" passed="1">
  <reporter-output>
  </reporter-output>
  <suite name="Suite" duration-ms="10772" started-at="2018-12-14T17:50:57Z" finished-at="2018-12-14T17:51:08Z">
    <groups>
    </groups>
    <test name="Test" duration-ms="10772" started-at="2018-12-14T17:50:57Z" finished-at="2018-12-14T17:51:08Z">
      <class name="volnayJen.VolnayTesNG">
        <test-method status="PASS" signature="beforeTest()[pri:0, instance:volnayJen.VolnayTesNG@1b68ddbd]" name="beforeTest" is-config="true" duration-ms="6708" started-at="2018-12-14T17:50:57Z" finished-at="2018-12-14T17:51:04Z">
          <reporter-output>
          </reporter-output>
        </test-method> <!-- beforeTest -->
        <test-method status="PASS" signature="f(java.lang.String, java.lang.String)[pri:0, instance:volnayJen.VolnayTesNG@1b68ddbd]" name="f" duration-ms="4015" started-at="2018-12-14T17:51:04Z" data-provider="userPassword" finished-at="2018-12-14T17:51:08Z">
          <params>
            <param index="0">
              <value>
                <![CDATA[vt.jessie@gmail.com]]>
              </value>
            </param>
            <param index="1">
              <value>
                <![CDATA[Divine123]]>
              </value>
            </param>
          </params>
          <reporter-output>
          </reporter-output>
        </test-method> <!-- f -->
        <test-method status="PASS" signature="afterTest()[pri:0, instance:volnayJen.VolnayTesNG@1b68ddbd]" name="afterTest" is-config="true" duration-ms="0" started-at="2018-12-14T17:51:08Z" finished-at="2018-12-14T17:51:08Z">
          <reporter-output>
          </reporter-output>
        </test-method> <!-- afterTest -->
      </class> <!-- volnayJen.VolnayTesNG -->
    </test> <!-- Test -->
  </suite> <!-- Suite -->
</testng-results>
